2019-08-19 11:39:02 DEBUG UserDao:10 - =========
2019-08-19 11:39:02 DEBUG UserDao:11 - =main=
2019-08-19 11:39:02 DEBUG UserDao:12 - =========
2019-08-19 11:47:28 DEBUG UserDao:30 - =========
2019-08-19 11:47:28 DEBUG UserDao:31 - =main=
2019-08-19 11:47:28 DEBUG UserDao:32 - =========
2019-08-19 11:49:43 DEBUG UserDao:50 - ==============================
2019-08-19 11:49:43 DEBUG UserDao:51 - =main=
2019-08-19 11:49:43 DEBUG UserDao:52 - ==============================
2019-08-19 11:49:43 DEBUG UserDao:39 - =============================
2019-08-19 11:49:43 DEBUG UserDao:40 - Connection=oracle.jdbc.driver.T4CConnection@1f89ab83
2019-08-19 11:49:43 DEBUG UserDao:41 - =============================
2019-08-19 14:22:51 DEBUG UserDao:104 - ==============================
2019-08-19 14:22:51 DEBUG UserDao:105 - =main=
2019-08-19 14:22:51 DEBUG UserDao:106 - ==============================
2019-08-19 14:22:51 DEBUG UserDao:43 - =============================
2019-08-19 14:22:51 DEBUG UserDao:44 - 01.Connection=oracle.jdbc.driver.T4CConnection@1f89ab83
2019-08-19 14:22:51 DEBUG UserDao:45 - =============================
2019-08-19 14:22:51 DEBUG UserDao:61 - =============================
2019-08-19 14:22:51 DEBUG UserDao:62 - 02.sql=
   INSERT INTO users (        
       u_id,                  
       name,                  
       passwd                 
   ) VALUES (                 
       ?,                     
       ?,                     
       ?                      
   )                          

2019-08-19 14:22:51 DEBUG UserDao:63 - =============================
2019-08-19 14:22:51 DEBUG UserDao:74 - =============================
2019-08-19 14:22:51 DEBUG UserDao:75 - 03.param=User [u_id=j01_140, name=09, passwd=1234]
2019-08-19 14:22:51 DEBUG UserDao:76 - =============================
2019-08-19 14:22:51 DEBUG UserDao:84 - =============================
2019-08-19 14:22:51 DEBUG UserDao:85 - 04.Run falg=1
2019-08-19 14:22:51 DEBUG UserDao:86 - =============================
2019-08-19 14:22:51 DEBUG UserDao:113 - ==============================
2019-08-19 14:22:51 DEBUG UserDao:114 - =flag=1
2019-08-19 14:22:51 DEBUG UserDao:115 - ==============================
2019-08-19 14:46:47 DEBUG UserDao:162 - ==============================
2019-08-19 14:46:47 DEBUG UserDao:163 - =main=
2019-08-19 14:46:47 DEBUG UserDao:164 - ==============================
2019-08-19 14:46:51 DEBUG UserDao:44 - =============================
2019-08-19 14:46:51 DEBUG UserDao:45 - 01.Connection=oracle.jdbc.driver.T4CConnection@1f89ab83
2019-08-19 14:46:51 DEBUG UserDao:46 - =============================
2019-08-19 14:46:51 DEBUG UserDao:62 - =============================
2019-08-19 14:46:51 DEBUG UserDao:63 - 02.sql=
   INSERT INTO users (        
       u_id,                  
       name,                  
       passwd                 
   ) VALUES (                 
       ?,                     
       ?,                     
       ?                      
   )                          

2019-08-19 14:46:51 DEBUG UserDao:64 - =============================
2019-08-19 14:46:51 DEBUG UserDao:75 - =============================
2019-08-19 14:46:51 DEBUG UserDao:76 - 03.param=User [u_id=j01_140, name=09, passwd=1234]
2019-08-19 14:46:51 DEBUG UserDao:77 - =============================
2019-08-19 14:46:52 DEBUG UserDao:85 - =============================
2019-08-19 14:46:52 DEBUG UserDao:86 - 04.Run falg=1
2019-08-19 14:46:52 DEBUG UserDao:87 - =============================
2019-08-19 14:46:52 DEBUG UserDao:172 - ==============================
2019-08-19 14:46:52 DEBUG UserDao:173 - =01.단건등록=1
2019-08-19 14:46:52 DEBUG UserDao:174 - ==============================
2019-08-19 14:46:52 DEBUG UserDao:181 - ==============================
2019-08-19 14:46:52 DEBUG UserDao:182 - =02.단건조회=
2019-08-19 14:46:52 DEBUG UserDao:183 - ==============================
2019-08-19 14:46:56 DEBUG UserDao:110 - =============================
2019-08-19 14:46:56 DEBUG UserDao:111 - 01. Connection=oracle.jdbc.driver.T4CConnection@5025a98f
2019-08-19 14:46:56 DEBUG UserDao:112 - =============================
2019-08-19 14:46:56 DEBUG UserDao:124 - =============================
2019-08-19 14:46:56 DEBUG UserDao:125 - 02. sql=
 SELECT          
     u_id,       
     name,       
     passwd      
 FROM users      
 WHERE u_id = ?  

2019-08-19 14:46:56 DEBUG UserDao:126 - =============================
2019-08-19 14:46:56 DEBUG UserDao:133 - =============================
2019-08-19 14:46:56 DEBUG UserDao:134 - 03. id=
j01_140
2019-08-19 14:46:56 DEBUG UserDao:135 - =============================
2019-08-19 14:46:57 DEBUG UserDao:147 - =============================
2019-08-19 14:46:57 DEBUG UserDao:148 - 04. Run outVO=
User [u_id=j01_140, name=09, passwd=1234]
2019-08-19 14:46:57 DEBUG UserDao:149 - =============================
2019-08-19 14:46:57 DEBUG UserDao:191 - ==============================
2019-08-19 14:46:57 DEBUG UserDao:192 - =03.조회 성공!=j01_140
2019-08-19 14:46:57 DEBUG UserDao:193 - ==============================
